TN:
SF:/Users/pavlos-mac/projects/angular-unit-testing/PSAngularUnitTestingCourse/src/polyfills.ts
FNF:0
FNH:0
DA:46,1
DA:60,1
LF:2
LH:2
BRF:0
BRH:0
end_of_record
TN:
SF:/Users/pavlos-mac/projects/angular-unit-testing/PSAngularUnitTestingCourse/src/test.ts
FN:20,(anonymous_0)
FNF:1
FNH:1
FNDA:1,(anonymous_0)
DA:3,1
DA:4,1
DA:5,1
DA:6,1
DA:7,1
DA:8,1
DA:9,1
DA:10,1
DA:20,1
DA:23,1
DA:28,1
DA:30,1
DA:32,1
LF:13
LH:13
BRF:0
BRH:0
end_of_record
TN:
SF:/Users/pavlos-mac/projects/angular-unit-testing/PSAngularUnitTestingCourse/src/app/hero.ts
FN:1,(anonymous_0)
FNF:1
FNH:1
FNDA:1,(anonymous_0)
DA:1,1
DA:5,1
LF:2
LH:2
BRF:0
BRH:0
end_of_record
TN:
SF:/Users/pavlos-mac/projects/angular-unit-testing/PSAngularUnitTestingCourse/src/app/message.service.ts
FN:4,(anonymous_1)
FN:3,MessageService
FN:7,(anonymous_3)
FN:11,(anonymous_4)
FNF:4
FNH:1
FNDA:1,(anonymous_1)
FNDA:0,MessageService
FNDA:0,(anonymous_3)
FNDA:0,(anonymous_4)
DA:1,1
DA:4,1
DA:5,0
DA:7,1
DA:8,0
DA:11,1
DA:12,0
DA:14,1
LF:8
LH:5
BRF:0
BRH:0
end_of_record
TN:
SF:/Users/pavlos-mac/projects/angular-unit-testing/PSAngularUnitTestingCourse/src/app/hero/hero.component.ts
FN:9,(anonymous_2)
FN:4,HeroComponent
FN:13,(anonymous_4)
FNF:3
FNH:2
FNDA:1,(anonymous_2)
FNDA:17,HeroComponent
FNDA:0,(anonymous_4)
DA:1,1
DA:2,1
DA:9,1
DA:10,1
DA:11,18
DA:13,1
DA:14,0
DA:15,0
DA:17,1
LF:9
LH:7
BRF:0
BRH:0
end_of_record
TN:
SF:/Users/pavlos-mac/projects/angular-unit-testing/PSAngularUnitTestingCourse/src/app/hero-detail/hero-detail.component.ts
FN:13,(anonymous_2)
FN:16,HeroDetailComponent
FN:23,(anonymous_4)
FN:27,(anonymous_5)
FN:30,(anonymous_6)
FN:33,(anonymous_7)
FN:45,(anonymous_8)
FN:47,(anonymous_9)
FN:49,(anonymous_10)
FN:54,(anonymous_11)
FN:56,(anonymous_12)
FN:58,(anonymous_13)
FNF:12
FNH:9
FNDA:1,(anonymous_2)
FNDA:2,HeroDetailComponent
FNDA:2,(anonymous_4)
FNDA:2,(anonymous_5)
FNDA:2,(anonymous_6)
FNDA:1,(anonymous_7)
FNDA:1,(anonymous_8)
FNDA:1,(anonymous_9)
FNDA:1,(anonymous_10)
FNDA:0,(anonymous_11)
FNDA:0,(anonymous_12)
FNDA:0,(anonymous_13)
DA:1,1
DA:2,1
DA:3,1
DA:5,1
DA:6,1
DA:13,1
DA:14,1
DA:17,2
DA:18,2
DA:19,2
DA:23,1
DA:24,2
DA:27,2
DA:28,2
DA:29,2
DA:30,2
DA:33,1
DA:34,1
DA:45,1
DA:47,1
DA:48,1
DA:49,1
DA:50,1
DA:54,1
DA:56,0
DA:57,0
DA:58,0
DA:59,0
DA:61,0
DA:62,0
DA:64,0
DA:65,0
DA:66,0
DA:67,0
DA:68,0
DA:73,1
LF:36
LH:25
BRDA:61,0,0,0
BRDA:61,0,1,0
BRDA:64,1,0,0
BRDA:64,1,1,0
BRDA:67,2,0,0
BRDA:67,2,1,0
BRF:6
BRH:0
end_of_record
TN:
SF:/Users/pavlos-mac/projects/angular-unit-testing/PSAngularUnitTestingCourse/src/app/heroes/heroes.component.ts
FN:11,(anonymous_2)
FN:14,HeroesComponent
FN:16,(anonymous_4)
FN:20,(anonymous_5)
FN:22,(anonymous_6)
FN:25,(anonymous_7)
FN:30,(anonymous_8)
FN:35,(anonymous_9)
FN:36,(anonymous_10)
FNF:9
FNH:9
FNDA:1,(anonymous_2)
FNDA:11,HeroesComponent
FNDA:6,(anonymous_4)
FNDA:6,(anonymous_5)
FNDA:6,(anonymous_6)
FNDA:3,(anonymous_7)
FNDA:3,(anonymous_8)
FNDA:3,(anonymous_9)
FNDA:9,(anonymous_10)
DA:1,1
DA:4,1
DA:11,1
DA:14,11
DA:16,1
DA:17,6
DA:20,6
DA:21,6
DA:22,6
DA:25,3
DA:26,3
DA:27,3
DA:28,3
DA:29,3
DA:31,3
DA:35,1
DA:36,9
DA:37,3
DA:39,1
LF:19
LH:19
BRDA:28,0,0,0
BRDA:28,0,1,3
BRF:2
BRH:1
end_of_record
TN:
SF:/Users/pavlos-mac/projects/angular-unit-testing/PSAngularUnitTestingCourse/src/app/services/hero.service.ts
FN:15,(anonymous_2)
FN:19,HeroService
FN:24,(anonymous_4)
FN:27,(anonymous_5)
FN:33,(anonymous_6)
FN:37,(anonymous_7)
FN:38,(anonymous_8)
FN:47,(anonymous_9)
FN:51,(anonymous_10)
FN:57,(anonymous_11)
FN:63,(anonymous_12)
FN:71,(anonymous_13)
FN:73,(anonymous_14)
FN:79,(anonymous_15)
FN:84,(anonymous_16)
FN:90,(anonymous_17)
FN:92,(anonymous_18)
FN:103,(anonymous_19)
FN:104,(anonymous_20)
FN:118,(anonymous_21)
FNF:20
FNH:6
FNDA:1,(anonymous_2)
FNDA:1,HeroService
FNDA:0,(anonymous_4)
FNDA:0,(anonymous_5)
FNDA:0,(anonymous_6)
FNDA:0,(anonymous_7)
FNDA:0,(anonymous_8)
FNDA:1,(anonymous_9)
FNDA:1,(anonymous_10)
FNDA:0,(anonymous_11)
FNDA:0,(anonymous_12)
FNDA:0,(anonymous_13)
FNDA:0,(anonymous_14)
FNDA:0,(anonymous_15)
FNDA:0,(anonymous_16)
FNDA:0,(anonymous_17)
FNDA:0,(anonymous_18)
FNDA:1,(anonymous_19)
FNDA:0,(anonymous_20)
FNDA:1,(anonymous_21)
DA:1,1
DA:2,1
DA:4,1
DA:5,1
DA:8,1
DA:10,1
DA:15,1
DA:17,1
DA:20,1
DA:21,1
DA:24,1
DA:25,0
DA:27,0
DA:33,1
DA:34,0
DA:35,0
DA:37,0
DA:39,0
DA:40,0
DA:47,1
DA:48,1
DA:50,1
DA:51,1
DA:57,1
DA:58,0
DA:60,0
DA:62,0
DA:63,0
DA:71,1
DA:72,0
DA:73,0
DA:79,1
DA:80,0
DA:81,0
DA:83,0
DA:84,0
DA:90,1
DA:91,0
DA:92,0
DA:103,1
DA:104,1
DA:107,0
DA:110,0
DA:113,0
DA:118,1
DA:119,1
DA:121,1
LF:47
LH:25
BRDA:39,0,0,0
BRDA:39,0,1,0
BRDA:58,1,0,0
BRDA:58,1,1,0
BRDA:80,2,0,0
BRDA:80,2,1,0
BRDA:103,3,0,0
BRDA:103,3,1,1
BRF:8
BRH:1
end_of_record
